execve("./testparse", ["./testparse"], [/* 28 vars */]) = 0
brk(0)                                  = 0x80549a4
open("/etc/ld.so.preload", O_RDONLY)    = -1 ENOENT (No such file or directory)
open("/etc/ld.so.cache", O_RDONLY)      = 4
fstat(4, {st_mode=S_IFREG|0644, st_size=12180, ...}) = 0
old_mmap(NULL, 12180, PROT_READ, MAP_PRIVATE, 4, 0) = 0x40014000
close(4)                                = 0
open("/usr/lib/libdb2.so.2", O_RDONLY)  = 4
fstat(4, {st_mode=S_IFREG|0644, st_size=278604, ...}) = 0
read(4, "\177ELF\1\1\1\0\0\0\0\0\0\0\0\0\3\0\3\0\1\0\0\0\200\177"..., 4096) = 4096
old_mmap(NULL, 275180, PROT_READ|PROT_EXEC, MAP_PRIVATE, 4, 0) = 0x40017000
mprotect(0x40059000, 4844, PROT_NONE)   = 0
old_mmap(0x40059000, 8192, PROT_READ|PROT_WRITE, MAP_PRIVATE|MAP_FIXED, 4, 0x41000) = 0x40059000
close(4)                                = 0
open("/lib/libc.so.6", O_RDONLY)        = 4
fstat(4, {st_mode=S_IFREG|0755, st_size=888064, ...}) = 0
read(4, "\177ELF\1\1\1\0\0\0\0\0\0\0\0\0\3\0\3\0\1\0\0\0\244\213"..., 4096) = 4096
old_mmap(NULL, 4096, PROT_READ|PROT_WRITE, MAP_PRIVATE|MAP_ANONYMOUS, -1, 0) = 0x4005b000
old_mmap(NULL, 902396, PROT_READ|PROT_EXEC, MAP_PRIVATE, 4, 0) = 0x4005c000
mprotect(0x40131000, 29948, PROT_NONE)  = 0
old_mmap(0x40131000, 16384, PROT_READ|PROT_WRITE, MAP_PRIVATE|MAP_FIXED, 4, 0xd4000) = 0x40131000
old_mmap(0x40135000, 13564, PROT_READ|PROT_WRITE, MAP_PRIVATE|MAP_FIXED|MAP_ANONYMOUS, -1, 0) = 0x40135000
close(4)                                = 0
munmap(0x40014000, 12180)               = 0
getpid()                                = 5891
write(2, "Doing read_openpgp_stream():\n", 29) = 29
read(0, "\231", 1)                      = 1
brk(0)                                  = 0x80549a4
brk(0x80549c4)                          = 0x80549c4
brk(0x8055000)                          = 0x8055000
read(0, "\1", 1)                        = 1
read(0, "\242", 1)                      = 1
read(0, "\0048\25\307\311\21\4\0\340\203\230\232mP\306b\211\007"..., 418) = 418
read(0, "\264", 1)                      = 1
read(0, "$", 1)                         = 1
read(0, "Jonathan McDowell <noodles@earth"..., 36) = 36
read(0, "\210", 1)                      = 1
read(0, "U", 1)                         = 1
read(0, "\4\23\21\2\0\25\5\0028\25\307\311\3\v\n\3\3\25\3\2\3\26"..., 85) = 85
read(0, "\210", 1)                      = 1
read(0, "F", 1)                         = 1
read(0, "\4\20\21\2\0\6\5\0028\26=\5\0\n\t\20\353|\272\246\200\310"..., 70) = 70
read(0, "\210", 1)                      = 1
read(0, "F", 1)                         = 1
read(0, "\4\20\21\2\0\6\5\0028R\263\23\0\n\t\20\355\211\231\6\324"..., 70) = 70
read(0, "\210", 1)                      = 1
read(0, "F", 1)                         = 1
read(0, "\4\20\21\2\0\6\5\0028]+s\0\n\t\20>\222Z9\251}\375G\320"..., 70) = 70
read(0, "\210", 1)                      = 1
read(0, "F", 1)                         = 1
read(0, "\4\20\21\2\0\6\5\0028\237Fb\0\n\t\20\200,\276\345B\366"..., 70) = 70
read(0, "\210", 1)                      = 1
read(0, "?", 1)                         = 1
read(0, "\3\5\0208\253\330P\261\202\275k\306?\346\22\21\2\24A\0"..., 63) = 63
read(0, "\210", 1)                      = 1
read(0, "F", 1)                         = 1
read(0, "\4\20\21\2\0\6\5\0028\265\313\277\0\n\t\20f\250\372\212"..., 70) = 70
read(0, "\210", 1)                      = 1
read(0, "F", 1)                         = 1
read(0, "\4\20\21\2\0\6\5\0028\265\345\20\0\n\t\20\\\366T?2\372"..., 70) = 70
read(0, "\211", 1)                      = 1
read(0, "\0", 1)                        = 1
read(0, "\225", 1)                      = 1
brk(0x8056000)                          = 0x8056000
read(0, "\3\5\0208\265\313\263 \24Y\314\200\2108\1\1\1\3622\4\0"..., 149) = 149
read(0, "\210", 1)                      = 1
read(0, "F", 1)                         = 1
read(0, "\4\20\21\2\0\6\5\0028\265\242\36\0\n\t\20\16\377\227\f"..., 70) = 70
read(0, "\210", 1)                      = 1
read(0, "E", 1)                         = 1
read(0, "\4\20\21\2\0\6\5\0028\265\306~\0\n\t\20\263\276\v\213\5"..., 69) = 69
read(0, "\210", 1)                      = 1
read(0, "F", 1)                         = 1
read(0, "\4\20\21\2\0\6\5\0028\265\327Q\0\n\t\20;:O\n\307\236[j"..., 70) = 70
read(0, "\210", 1)                      = 1
read(0, "F", 1)                         = 1
read(0, "\4\20\21\2\0\6\5\0028\266\325&\0\n\t\20\215$#\20U\35t\20"..., 70) = 70
read(0, "\210", 1)                      = 1
read(0, "F", 1)                         = 1
read(0, "\4\20\21\2\0\6\5\0028\266\332\332\0\n\t\20$\305\303\201"..., 70) = 70
read(0, "\210", 1)                      = 1
read(0, "F", 1)                         = 1
read(0, "\4\20\21\2\0\6\5\0028\267\21\265\0\n\t\20\212!t1Y|\322"..., 70) = 70
read(0, "\210", 1)                      = 1
read(0, "F", 1)                         = 1
read(0, "\4\20\21\2\0\6\5\0028\265\367\30\0\n\t\20c;\205(Qx\342"..., 70) = 70
read(0, "\211", 1)                      = 1
read(0, "\1", 1)                        = 1
read(0, "\25", 1)                       = 1
read(0, "\3\5\0208\267\354\373\253VS\356\316\327l\1\1\1\237\336"..., 277) = 277
read(0, "\210", 1)                      = 1
read(0, "F", 1)                         = 1
read(0, "\4\20\21\2\0\6\5\0028\265\316\216\0\n\t\20p\377|je\26\1"..., 70) = 70
read(0, "\210", 1)                      = 1
read(0, "F", 1)                         = 1
read(0, "\4\20\21\2\0\6\5\0028\2701b\0\n\t\20\200LyTvhw\263\017"..., 70) = 70
read(0, "\210", 1)                      = 1
read(0, "F", 1)                         = 1
read(0, "\4\20\21\2\0\6\5\0028\272`E\0\n\t\20\211Z\313\r\27 \f("..., 70) = 70
read(0, "\210", 1)                      = 1
read(0, "F", 1)                         = 1
read(0, "\4\20\21\2\0\6\5\0028\274`\202\0\n\t\20\213\216\355\324"..., 70) = 70
read(0, "\210", 1)                      = 1
read(0, "F", 1)                         = 1
read(0, "\4\20\21\2\0\6\5\0028\275j\16\0\n\t\20\221\274u\262\270"..., 70) = 70
read(0, "\210", 1)                      = 1
read(0, "F", 1)                         = 1
read(0, "\4\20\21\2\0\6\5\0028\275\244\303\0\n\t\20`\24%0\3\337"..., 70) = 70
read(0, "\210", 1)                      = 1
read(0, "?", 1)                         = 1
read(0, "\3\5\0208\265\275\215\227CRw\36\370H,\21\2\300v\0\240\355"..., 63) = 63
read(0, "\210", 1)                      = 1
read(0, "F", 1)                         = 1
read(0, "\4\20\21\2\0\6\5\0028\276UK\0\n\t\20\267\0356\371\303\321"..., 70) = 70
read(0, "\211", 1)                      = 1
read(0, "\1", 1)                        = 1
read(0, "\25", 1)                       = 1
read(0, "\3\5\0208\310**V\r52\317`V\1\1\1\214\251\10\0\207R\366"..., 277) = 277
read(0, "\210", 1)                      = 1
read(0, "F", 1)                         = 1
read(0, "\4\20\21\2\0\6\5\0028\267\373\212\0\n\t\20r\373\375\226"..., 70) = 70
read(0, "\210", 1)                      = 1
read(0, "F", 1)                         = 1
read(0, "\4\20\21\2\0\6\5\0028\326\266\245\0\n\t\20\20\372D\231"..., 70) = 70
read(0, "\210", 1)                      = 1
read(0, "F", 1)                         = 1
read(0, "\4\20\21\2\0\6\5\0028\326\315\314\0\n\t\20\rIu\217\362"..., 70) = 70
read(0, "\210", 1)                      = 1
read(0, "F", 1)                         = 1
read(0, "\4\20\21\2\0\6\5\0028\372\351\27\0\n\t\20\303\274\3669"..., 70) = 70
read(0, "\211", 1)                      = 1
read(0, "\0", 1)                        = 1
read(0, "\225", 1)                      = 1
read(0, "\3\5\02099^s\271\205\230\"M\304\347\375\1\0015d\4\0\235"..., 149) = 149
read(0, "\210", 1)                      = 1
read(0, "F", 1)                         = 1
read(0, "\4\20\21\2\0\6\5\0029;\346\v\0\n\t\20\0174\5w\320\227\242"..., 70) = 70
read(0, "\210", 1)                      = 1
read(0, "F", 1)                         = 1
read(0, "\4\20\21\2\0\6\5\0029bW\363\0\n\t\20c0\342\243\247.\21"..., 70) = 70
read(0, "\210", 1)                      = 1
read(0, "F", 1)                         = 1
read(0, "\4\20\21\2\0\6\5\0029\207V\372\0\n\t\20\4\265\30\35\235"..., 70) = 70
read(0, "\210", 1)                      = 1
read(0, "F", 1)                         = 1
read(0, "\4\20\21\2\0\6\5\2:\200H\304\0\n\t\20)\276]\"h\375T\237"..., 70) = 70
read(0, "\210", 1)                      = 1
read(0, "F", 1)                         = 1
read(0, "\4\20\21\2\0\6\5\2:\246\34 \0\n\t\0201\7e\373\337\\\342"..., 70) = 70
read(0, "\210", 1)                      = 1
read(0, "F", 1)                         = 1
read(0, "\4\20\21\2\0\6\5\2:\353\357\327\0\n\t\0201Z\321\36I\27"..., 70) = 70
read(0, "\210", 1)                      = 1
read(0, "F", 1)                         = 1
read(0, "\4\20\21\2\0\6\5\2;F\376\333\0\n\t\20]\312\337\3415\1\346"..., 70) = 70
read(0, "\210", 1)                      = 1
brk(0x8057000)                          = 0x8057000
read(0, "F", 1)                         = 1
read(0, "\4\20\21\2\0\6\5\2:\367\325$\0\n\t\20b\3\212K\335\233\231"..., 70) = 70
read(0, "\210", 1)                      = 1
read(0, "F", 1)                         = 1
read(0, "\4\20\21\2\0\6\5\2:\367\324\263\0\n\t\20q\177\270\244\27"..., 70) = 70
read(0, "\210", 1)                      = 1
read(0, "F", 1)                         = 1
read(0, "\4\20\21\2\0\6\5\2:\353\224\213\0\n\t\20|;yp\210\307\301"..., 70) = 70
read(0, "\210", 1)                      = 1
read(0, "F", 1)                         = 1
read(0, "\4\20\21\2\0\6\5\2:\321\227\10\0\n\t\20\210\320\362T3\267"..., 70) = 70
read(0, "\211", 1)                      = 1
read(0, "\0", 1)                        = 1
read(0, "\225", 1)                      = 1
read(0, "\3\5\20:\354\245\227\266\233\30.\276\223\267\231\1\1s\355"..., 149) = 149
read(0, "\211", 1)                      = 1
read(0, "\0", 1)                        = 1
read(0, "\225", 1)                      = 1
read(0, "\3\5\20:\354\245\240\303\26\216\272#\365\255\333\1\1~z"..., 149) = 149
read(0, "\211", 1)                      = 1
read(0, "\0", 1)                        = 1
read(0, "\225", 1)                      = 1
read(0, "\2\5\20:\367\325f\305(\32\345\4d\347\345\1\1-H\4\0\203"..., 149) = 149
read(0, "\210", 1)                      = 1
read(0, "F", 1)                         = 1
read(0, "\4\20\21\2\0\6\5\2:\354\242\247\0\n\t\20\372\10\276\256"..., 70) = 70
read(0, "\210", 1)                      = 1
read(0, "F", 1)                         = 1
read(0, "\4\20\21\2\0\6\5\2;I\372t\0\n\t\20!g%p\27O\3565Z\n\0\235"..., 70) = 70
read(0, "\210", 1)                      = 1
read(0, "F", 1)                         = 1
read(0, "\4\20\21\2\0\6\5\2;\302\16\201\0\n\t\20s\277\226\253\240"..., 70) = 70
read(0, "\210", 1)                      = 1
read(0, "F", 1)                         = 1
read(0, "\4\20\21\2\0\6\5\2;\25287\0\n\t\20\200?\356\22\'\24\33"..., 70) = 70
read(0, "\211", 1)                      = 1
read(0, "\1", 1)                        = 1
read(0, "\36", 1)                       = 1
read(0, "\4\20\24\3\0\6\5\2<\0\377\314\0\n\t\20\345\345\23\r\212"..., 286) = 286
read(0, "\210", 1)                      = 1
read(0, "F", 1)                         = 1
read(0, "\4\20\21\2\0\6\5\2<\2=\6\0\n\t\20=\3066\256\363\212]\215"..., 70) = 70
read(0, "\210", 1)                      = 1
read(0, "F", 1)                         = 1
read(0, "\4\20\21\2\0\6\5\2<\25bR\0\n\t\20\235\331\36\234(c\313"..., 70) = 70
read(0, "\210", 1)                      = 1
read(0, "F", 1)                         = 1
read(0, "\4\20\21\2\0\6\5\2<\22\221\312\0\n\t\20\253\16\3]\265M"..., 70) = 70
read(0, "\271", 1)                      = 1
read(0, "\2", 1)                        = 1
read(0, "\r", 1)                        = 1
read(0, "\0048\25\310\304\20\10\0\247\245\305\16\362\372\22\273"..., 525) = 525
read(0, "\210", 1)                      = 1
read(0, "F", 1)                         = 1
read(0, "\4\30\21\2\0\6\5\0028\25\310\304\0\n\t\20\361\275K\344"..., 70) = 70
read(0, "", 1)                          = 0
write(2, "Doing parse_keys():\n", 20)   = 20
brk(0x8058000)                          = 0x8058000
brk(0x8059000)                          = 0x8059000
fstat(1, {st_mode=S_IFCHR|0620, st_rdev=makedev(136, 5), ...}) = 0
old_mmap(NULL, 4096, PROT_READ|PROT_WRITE, MAP_PRIVATE|MAP_ANONYMOUS, -1, 0) = 0x40014000
ioctl(1, TCGETS, {B9600 opost isig icanon echo ...}) = 0
write(1, "Key id is 0xF1BD4BE45B430367\n", 29) = 29
open("/community/pgp-keyserver/db-copy/DB_CONFIG", O_RDONLY) = -1 ENOENT (No such file or directory)
stat("/var/tmp", {st_mode=S_IFDIR|S_ISVTX|0777, st_size=4096, ...}) = 0
open("/community/pgp-keyserver/db-copy/__db_lock.share", O_RDWR) = 4
fcntl(4, F_SETFD, FD_CLOEXEC)           = 0
fstat(4, {st_mode=S_IFREG|0640, st_size=729088, ...}) = 0
old_mmap(NULL, 729088, PROT_READ|PROT_WRITE, MAP_SHARED, 4, 0) = 0x40139000
open("/community/pgp-keyserver/db-copy/__db_mpool.share", O_RDWR) = 5
fcntl(5, F_SETFD, FD_CLOEXEC)           = 0
fstat(5, {st_mode=S_IFREG|0640, st_size=327680, ...}) = 0
old_mmap(NULL, 327680, PROT_READ|PROT_WRITE, MAP_SHARED, 5, 0) = 0x401eb000
open("/community/pgp-keyserver/db-copy/keydb000", O_RDONLY) = 6
fcntl(6, F_SETFD, FD_CLOEXEC)           = 0
read(6, "<\7\0\0\22\376{\0\0\0\0\0a\25\6\0\5\0\0\0\0 \0\0\16\0\0"..., 512) = 512
close(6)                                = 0
brk(0x805a000)                          = 0x805a000
open("/community/pgp-keyserver/db-copy/keydb000", O_RDONLY) = 6
fcntl(6, F_SETFD, FD_CLOEXEC)           = 0
fstat(6, {st_mode=S_IFREG|0644, st_size=195452928, ...}) = 0
brk(0x805d000)                          = 0x805d000
open("/etc/fstab", O_RDONLY)            = 7
fstat(7, {st_mode=S_IFREG|0644, st_size=638, ...}) = 0
old_mmap(NULL, 4096, PROT_READ|PROT_WRITE, MAP_PRIVATE|MAP_ANONYMOUS, -1, 0) = 0x40015000
read(7, "# /etc/fstab: static file system"..., 4096) = 638
close(7)                                = 0
munmap(0x40015000, 4096)                = 0
open("/proc/cpuinfo", O_RDONLY)         = 7
fstat(7, {st_mode=S_IFREG|0444, st_size=0, ...}) = 0
old_mmap(NULL, 4096, PROT_READ|PROT_WRITE, MAP_PRIVATE|MAP_ANONYMOUS, -1, 0) = 0x40015000
read(7, "processor\t: 0\nvendor_id\t: Genuin"..., 1024) = 381
read(7, "", 1024)                       = 0
close(7)                                = 0
munmap(0x40015000, 4096)                = 0
pread(6, "<\7\0\0\22\376{\0\0\0\0\0a\25\6\0\5\0\0\0\0 \0\0\16\0\0"..., 8192, 0) = 8192
open("/community/pgp-keyserver/db-copy/keydb001", O_RDONLY) = 7
fcntl(7, F_SETFD, FD_CLOEXEC)           = 0
read(7, "<\7\0\0\351\206z\0\0\0\0\0a\25\6\0\5\0\0\0\0 \0\0\17\0"..., 512) = 512
close(7)                                = 0
open("/community/pgp-keyserver/db-copy/keydb001", O_RDONLY) = 7
fcntl(7, F_SETFD, FD_CLOEXEC)           = 0
fstat(7, {st_mode=S_IFREG|0644, st_size=348774400, ...}) = 0
brk(0x8060000)                          = 0x8060000
pread(7, "<\7\0\0\351\206z\0\0\0\0\0a\25\6\0\5\0\0\0\0 \0\0\17\0"..., 8192, 0) = 8192
open("/community/pgp-keyserver/db-copy/keydb002", O_RDONLY) = 8
fcntl(8, F_SETFD, FD_CLOEXEC)           = 0
read(8, "<\7\0\0\255\307u\0\0\0\0\0a\25\6\0\5\0\0\0\0 \0\0\16\0"..., 512) = 512
close(8)                                = 0
open("/community/pgp-keyserver/db-copy/keydb002", O_RDONLY) = 8
fcntl(8, F_SETFD, FD_CLOEXEC)           = 0
fstat(8, {st_mode=S_IFREG|0644, st_size=195371008, ...}) = 0
pread(8, "<\7\0\0\255\307u\0\0\0\0\0a\25\6\0\5\0\0\0\0 \0\0\16\0"..., 8192, 0) = 8192
open("/community/pgp-keyserver/db-copy/keydb003", O_RDONLY) = 9
fcntl(9, F_SETFD, FD_CLOEXEC)           = 0
read(9, "<\7\0\0|S{\0\0\0\0\0a\25\6\0\5\0\0\0\0 \0\0\16\0\0\0\5"..., 512) = 512
close(9)                                = 0
open("/community/pgp-keyserver/db-copy/keydb003", O_RDONLY) = 9
fcntl(9, F_SETFD, FD_CLOEXEC)           = 0
fstat(9, {st_mode=S_IFREG|0644, st_size=201302016, ...}) = 0
brk(0x8063000)                          = 0x8063000
pread(9, "<\7\0\0|S{\0\0\0\0\0a\25\6\0\5\0\0\0\0 \0\0\16\0\0\0\5"..., 8192, 0) = 8192
open("/community/pgp-keyserver/db-copy/keydb004", O_RDONLY) = 10
fcntl(10, F_SETFD, FD_CLOEXEC)          = 0
read(10, "<\7\0\0p\254t\0\0\0\0\0a\25\6\0\5\0\0\0\0 \0\0\16\0\0\0"..., 512) = 512
close(10)                               = 0
open("/community/pgp-keyserver/db-copy/keydb004", O_RDONLY) = 10
fcntl(10, F_SETFD, FD_CLOEXEC)          = 0
fstat(10, {st_mode=S_IFREG|0644, st_size=195772416, ...}) = 0
brk(0x8066000)                          = 0x8066000
pread(10, "<\7\0\0p\254t\0\0\0\0\0a\25\6\0\5\0\0\0\0 \0\0\16\0\0\0"..., 8192, 0) = 8192
open("/community/pgp-keyserver/db-copy/keydb005", O_RDONLY) = 11
fcntl(11, F_SETFD, FD_CLOEXEC)          = 0
read(11, "<\7\0\0005Uw\0\0\0\0\0a\25\6\0\5\0\0\0\0 \0\0\17\0\0\0"..., 512) = 512
close(11)                               = 0
open("/community/pgp-keyserver/db-copy/keydb005", O_RDONLY) = 11
fcntl(11, F_SETFD, FD_CLOEXEC)          = 0
fstat(11, {st_mode=S_IFREG|0644, st_size=347947008, ...}) = 0
pread(11, "<\7\0\0005Uw\0\0\0\0\0a\25\6\0\5\0\0\0\0 \0\0\17\0\0\0"..., 8192, 0) = 8192
open("/community/pgp-keyserver/db-copy/keydb006", O_RDONLY) = 12
fcntl(12, F_SETFD, FD_CLOEXEC)          = 0
read(12, "<\7\0\0\225\201s\0\0\0\0\0a\25\6\0\5\0\0\0\0 \0\0\16\0"..., 512) = 512
close(12)                               = 0
open("/community/pgp-keyserver/db-copy/keydb006", O_RDONLY) = 12
fcntl(12, F_SETFD, FD_CLOEXEC)          = 0
fstat(12, {st_mode=S_IFREG|0644, st_size=195354624, ...}) = 0
brk(0x8069000)                          = 0x8069000
pread(12, "<\7\0\0\225\201s\0\0\0\0\0a\25\6\0\5\0\0\0\0 \0\0\16\0"..., 8192, 0) = 8192
open("/community/pgp-keyserver/db-copy/keydb007", O_RDONLY) = 13
fcntl(13, F_SETFD, FD_CLOEXEC)          = 0
read(13, "<\7\0\0tFu\0\0\0\0\0a\25\6\0\5\0\0\0\0 \0\0\16\0\0\0\363"..., 512) = 512
close(13)                               = 0
open("/community/pgp-keyserver/db-copy/keydb007", O_RDONLY) = 13
fcntl(13, F_SETFD, FD_CLOEXEC)          = 0
fstat(13, {st_mode=S_IFREG|0644, st_size=201105408, ...}) = 0
brk(0x806c000)                          = 0x806c000
pread(13, "<\7\0\0tFu\0\0\0\0\0a\25\6\0\5\0\0\0\0 \0\0\16\0\0\0\363"..., 8192, 0) = 8192
open("/community/pgp-keyserver/db-copy/keydb008", O_RDONLY) = 14
fcntl(14, F_SETFD, FD_CLOEXEC)          = 0
read(14, "<\7\0\0\232Ir\0\0\0\0\0a\25\6\0\5\0\0\0\0 \0\0\16\0\0\0"..., 512) = 512
close(14)                               = 0
open("/community/pgp-keyserver/db-copy/keydb008", O_RDONLY) = 14
fcntl(14, F_SETFD, FD_CLOEXEC)          = 0
fstat(14, {st_mode=S_IFREG|0644, st_size=195674112, ...}) = 0
brk(0x806f000)                          = 0x806f000
pread(14, "<\7\0\0\232Ir\0\0\0\0\0a\25\6\0\5\0\0\0\0 \0\0\16\0\0\0"..., 8192, 0) = 8192
open("/community/pgp-keyserver/db-copy/keydb009", O_RDONLY) = 15
fcntl(15, F_SETFD, FD_CLOEXEC)          = 0
read(15, "<\7\0\0\207\211{\0\0\0\0\0a\25\6\0\5\0\0\0\0 \0\0\17\0"..., 512) = 512
close(15)                               = 0
open("/community/pgp-keyserver/db-copy/keydb009", O_RDONLY) = 15
fcntl(15, F_SETFD, FD_CLOEXEC)          = 0
fstat(15, {st_mode=S_IFREG|0644, st_size=348651520, ...}) = 0
pread(15, "<\7\0\0\207\211{\0\0\0\0\0a\25\6\0\5\0\0\0\0 \0\0\17\0"..., 8192, 0) = 8192
open("/community/pgp-keyserver/db-copy/keydb010", O_RDONLY) = 16
fcntl(16, F_SETFD, FD_CLOEXEC)          = 0
read(16, "<\7\0\0_Mz\0\0\0\0\0a\25\6\0\5\0\0\0\0 \0\0\16\0\0\0f\27"..., 512) = 512
close(16)                               = 0
open("/community/pgp-keyserver/db-copy/keydb010", O_RDONLY) = 16
fcntl(16, F_SETFD, FD_CLOEXEC)          = 0
fstat(16, {st_mode=S_IFREG|0644, st_size=195780608, ...}) = 0
brk(0x8072000)                          = 0x8072000
pread(16, "<\7\0\0_Mz\0\0\0\0\0a\25\6\0\5\0\0\0\0 \0\0\16\0\0\0f\27"..., 8192, 0) = 8192
open("/community/pgp-keyserver/db-copy/keydb011", O_RDONLY) = 17
fcntl(17, F_SETFD, FD_CLOEXEC)          = 0
read(17, "<\7\0\0\304\375x\0\0\0\0\0a\25\6\0\5\0\0\0\0 \0\0\16\0"..., 512) = 512
close(17)                               = 0
open("/community/pgp-keyserver/db-copy/keydb011", O_RDONLY) = 17
fcntl(17, F_SETFD, FD_CLOEXEC)          = 0
fstat(17, {st_mode=S_IFREG|0644, st_size=200957952, ...}) = 0
brk(0x8075000)                          = 0x8075000
pread(17, "<\7\0\0\304\375x\0\0\0\0\0a\25\6\0\5\0\0\0\0 \0\0\16\0"..., 8192, 0) = 8192
open("/community/pgp-keyserver/db-copy/keydb012", O_RDONLY) = 18
fcntl(18, F_SETFD, FD_CLOEXEC)          = 0
read(18, "<\7\0\0\312\317k\0\0\0\0\0a\25\6\0\5\0\0\0\0 \0\0\16\0"..., 512) = 512
close(18)                               = 0
open("/community/pgp-keyserver/db-copy/keydb012", O_RDONLY) = 18
fcntl(18, F_SETFD, FD_CLOEXEC)          = 0
fstat(18, {st_mode=S_IFREG|0644, st_size=195829760, ...}) = 0
pread(18, "<\7\0\0\312\317k\0\0\0\0\0a\25\6\0\5\0\0\0\0 \0\0\16\0"..., 8192, 0) = 8192
open("/community/pgp-keyserver/db-copy/keydb013", O_RDONLY) = 19
fcntl(19, F_SETFD, FD_CLOEXEC)          = 0
read(19, "<\7\0\0\320\220x\0\0\0\0\0a\25\6\0\5\0\0\0\0 \0\0\17\0"..., 512) = 512
close(19)                               = 0
open("/community/pgp-keyserver/db-copy/keydb013", O_RDONLY) = 19
fcntl(19, F_SETFD, FD_CLOEXEC)          = 0
fstat(19, {st_mode=S_IFREG|0644, st_size=349478912, ...}) = 0
brk(0x8078000)                          = 0x8078000
pread(19, "<\7\0\0\320\220x\0\0\0\0\0a\25\6\0\5\0\0\0\0 \0\0\17\0"..., 8192, 0) = 8192
open("/community/pgp-keyserver/db-copy/keydb014", O_RDONLY) = 20
fcntl(20, F_SETFD, FD_CLOEXEC)          = 0
read(20, "<\7\0\0\366@F\0\0\0\0\0a\25\6\0\5\0\0\0\0 \0\0\16\0\0\0"..., 512) = 512
close(20)                               = 0
open("/community/pgp-keyserver/db-copy/keydb014", O_RDONLY) = 20
fcntl(20, F_SETFD, FD_CLOEXEC)          = 0
fstat(20, {st_mode=S_IFREG|0644, st_size=195387392, ...}) = 0
brk(0x807b000)                          = 0x807b000
pread(20, "<\7\0\0\366@F\0\0\0\0\0a\25\6\0\5\0\0\0\0 \0\0\16\0\0\0"..., 8192, 0) = 8192
open("/community/pgp-keyserver/db-copy/keydb015", O_RDONLY) = 21
fcntl(21, F_SETFD, FD_CLOEXEC)          = 0
read(21, "<\7\0\0=\33z\0\0\0\0\0a\25\6\0\5\0\0\0\0 \0\0\16\0\0\0"..., 512) = 512
close(21)                               = 0
open("/community/pgp-keyserver/db-copy/keydb015", O_RDONLY) = 21
fcntl(21, F_SETFD, FD_CLOEXEC)          = 0
fstat(21, {st_mode=S_IFREG|0644, st_size=201031680, ...}) = 0
brk(0x807e000)                          = 0x807e000
pread(21, "<\7\0\0=\33z\0\0\0\0\0a\25\6\0\5\0\0\0\0 \0\0\16\0\0\0"..., 8192, 0) = 8192
pread(14, "\322\6\0\0*\305n\0\3\0\0\0\0\0\0\0\250Q\0\0\f\0\221\2\0"..., 8192, 24576) = 8192
pread(14, "\363\4\0\0\5\24E\0\250Q\0\0\3\0\0\0\0\0\0\0\4\0\17\25\0"..., 8192, 171245568) = 8192
close(6)                                = 0
close(7)                                = 0
close(8)                                = 0
close(9)                                = 0
close(10)                               = 0
close(11)                               = 0
close(12)                               = 0
close(13)                               = 0
close(14)                               = 0
close(15)                               = 0
close(16)                               = 0
close(17)                               = 0
close(18)                               = 0
close(19)                               = 0
close(20)                               = 0
close(21)                               = 0
brk(0x805e000)                          = 0x805e000
close(5)                                = 0
munmap(0x401eb000, 327680)              = 0
close(4)                                = 0
munmap(0x40139000, 729088)              = 0
munmap(0x40014000, 4096)                = 0
_exit(0)                                = ?
